<?xml version="1.0" encoding="UTF-8"?>
<!-- Generated by org.testng.reporters.JUnitReportReporter -->
<testsuite skipped="0" hostname="LAPTOP-J41V6O34" name="com.crm.qa.testcases.HomePageTest" tests="4" failures="0" timestamp="22 三月 2019 16:21:10 GMT" time="26.664" errors="0">
  <testcase name="verifyHomePageTitleTest" time="6.080" classname="com.crm.qa.testcases.HomePageTest"/>
  <testcase name="verifyWelcomeAdminLinkTest" time="7.460" classname="com.crm.qa.testcases.HomePageTest"/>
  <testcase name="verifyAdminMenuTest" time="6.998" classname="com.crm.qa.testcases.HomePageTest"/>
  <testcase name="verifyCustomerFieldsTest" time="6.126" classname="com.crm.qa.testcases.HomePageTest"/>
</testsuite> <!-- com.crm.qa.testcases.HomePageTest -->
