<?xml version="1.0" encoding="UTF-8"?>
<!-- Generated by org.testng.reporters.JUnitReportReporter -->
<testsuite skipped="0" hostname="LAPTOP-J41V6O34" name="com.crm.qa.testcases.AdminPageTest" tests="1" failures="0" timestamp="19 三月 2019 18:37:57 GMT" time="8.602" errors="0">
  <testcase name="verifyAddButtonTest" time="8.602" classname="com.crm.qa.testcases.AdminPageTest"/>
</testsuite> <!-- com.crm.qa.testcases.AdminPageTest -->
