<?xml version="1.0" encoding="UTF-8"?>
<!-- Generated by org.testng.reporters.JUnitReportReporter -->
<testsuite skipped="0" hostname="LAPTOP-J41V6O34" name="hashMapTest.hashMapTest" tests="2" failures="0" timestamp="18 三月 2019 20:27:02 GMT" time="14.333" errors="0">
  <testcase name="loginWithAdmin1Test" time="7.909" classname="hashMapTest.hashMapTest"/>
  <testcase name="loginWithAdmin2Test" time="6.424" classname="hashMapTest.hashMapTest"/>
</testsuite> <!-- hashMapTest.hashMapTest -->
