<?xml version="1.0" encoding="UTF-8"?>
<!-- Generated by org.testng.reporters.JUnitReportReporter -->
<testsuite skipped="0" hostname="LAPTOP-J41V6O34" name="com.crm.qa.testcases.loginDataProviderTest" tests="1" failures="0" timestamp="24 三月 2019 02:35:17 GMT" time="8.317" errors="0">
  <testcase name="loginDataProviderTest" time="8.317" classname="com.crm.qa.testcases.loginDataProviderTest"/>
</testsuite> <!-- com.crm.qa.testcases.loginDataProviderTest -->
