<?xml version="1.0" encoding="UTF-8"?>
<!-- Generated by org.testng.reporters.JUnitReportReporter -->
<testsuite skipped="0" hostname="LAPTOP-J41V6O34" name="com.crm.qa.testcases.LoginPageTest" tests="3" failures="0" timestamp="22 三月 2019 19:00:07 GMT" time="16.272" errors="0">
  <testcase name="loginPageTitleTest" time="4.405" classname="com.crm.qa.testcases.LoginPageTest"/>
  <testcase name="crmLogoImageTest" time="5.968" classname="com.crm.qa.testcases.LoginPageTest"/>
  <testcase name="loginTest" time="5.899" classname="com.crm.qa.testcases.LoginPageTest"/>
</testsuite> <!-- com.crm.qa.testcases.LoginPageTest -->
