<?xml version="1.0" encoding="UTF-8"?>
<!-- Generated by org.testng.reporters.JUnitReportReporter -->
<testsuite skipped="0" hostname="LAPTOP-J41V6O34" name="com.crm.qa.testcases.LoginPageTest" tests="3" failures="0" timestamp="26 三月 2019 16:27:54 GMT" time="16.646" errors="0">
  <testcase name="loginPageTitleTest" time="4.561" classname="com.crm.qa.testcases.LoginPageTest"/>
  <testcase name="crmLogoImageTest" time="4.728" classname="com.crm.qa.testcases.LoginPageTest"/>
  <testcase name="loginTest" time="7.357" classname="com.crm.qa.testcases.LoginPageTest"/>
</testsuite> <!-- com.crm.qa.testcases.LoginPageTest -->
