<?xml version="1.0" encoding="UTF-8"?>
<!-- Generated by org.testng.reporters.JUnitReportReporter -->
<testsuite skipped="0" hostname="LAPTOP-J41V6O34" name="com.crm.qa.testcases.DownloadFile" tests="1" failures="0" timestamp="19 三月 2019 23:53:01 GMT" time="150.649" errors="0">
  <testcase name="downloadFileTest" time="150.649" classname="com.crm.qa.testcases.DownloadFile"/>
</testsuite> <!-- com.crm.qa.testcases.DownloadFile -->
